C51 COMPILER V9.59.0.0   UTIL                                                              09/24/2022 21:20:03 PAGE 1   


C51 COMPILER V9.59.0.0, COMPILATION OF MODULE UTIL
OBJECT MODULE PLACED IN .\obj\util.obj
COMPILER INVOKED BY: C:\Program Files\KEIL5\C51\BIN\C51.EXE src\util.c OPTIMIZE(8,SPEED) BROWSE DEBUG OBJECTEXTEND PRINT
                    -(.\obj\util.lst) TABS(2) OBJECT(.\obj\util.obj)

line level    source

   1          /*---------------------------------------------------------------------*/
   2          /* --- STC MCU Limited ------------------------------------------------*/
   3          /* --- STC 1T Series MCU Demo Programme -------------------------------*/
   4          /* --- Mobile: (86)13922805190 ----------------------------------------*/
   5          /* --- Fax: 86-0513-55012956,55012947,55012969 ------------------------*/
   6          /* --- Tel: 86-0513-55012928,55012929,55012966 ------------------------*/
   7          /* --- Web: www.STCMCU.com --------------------------------------------*/
   8          /* --- Web: www.STCMCUDATA.com  ---------------------------------------*/
   9          /* --- QQ:  800003751 -------------------------------------------------*/
  10          /* 濡傛灉瑕佸湪绋嬪簭涓娇鐢ㄦ浠ｇ爜,璇峰湪绋嬪簭涓敞鏄庝娇鐢ㄤ簡STC
             -鐨勮祫鏂欏強绋嬪簭        */
  11          /*---------------------------------------------------------------------*/
  12          
  13          #include "stc.h"
  14          #include "util.h"
  15          
  16          //DWORD reverse4(DWORD d)
  17          //{   
  18          //    DWORD ret;
  19          //    
  20          //    ((BYTE *)&ret)[0] = ((BYTE *)&d)[3];
  21          //    ((BYTE *)&ret)[1] = ((BYTE *)&d)[2];
  22          //    ((BYTE *)&ret)[2] = ((BYTE *)&d)[1];
  23          //    ((BYTE *)&ret)[3] = ((BYTE *)&d)[0];
  24          //
  25          //    return ret;
  26          //}
  27             
  28          WORD reverse2(WORD w)
  29          {
  30   1          WORD ret;
  31   1          
  32   1          ((BYTE *)&ret)[0] = ((BYTE *)&w)[1];
  33   1          ((BYTE *)&ret)[1] = ((BYTE *)&w)[0];
  34   1      
  35   1          return ret;
  36   1      }


MODULE INFORMATION:   STATIC OVERLAYABLE
   CODE SIZE        =     15    ----
   CONSTANT SIZE    =   ----    ----
   XDATA SIZE       =   ----    ----
   PDATA SIZE       =   ----    ----
   DATA SIZE        =   ----       4
   IDATA SIZE       =   ----    ----
   BIT SIZE         =   ----    ----
END OF MODULE INFORMATION.


C51 COMPILATION COMPLETE.  0 WARNING(S),  0 ERROR(S)
