C51 COMPILER V9.59.0.0   WS2812                                                            09/24/2022 21:20:03 PAGE 1   


C51 COMPILER V9.59.0.0, COMPILATION OF MODULE WS2812
OBJECT MODULE PLACED IN .\obj\WS2812.obj
COMPILER INVOKED BY: C:\Program Files\KEIL5\C51\BIN\C51.EXE src\WS2812.c OPTIMIZE(8,SPEED) BROWSE DEBUG OBJECTEXTEND PRI
                    -NT(.\obj\WS2812.lst) TABS(2) OBJECT(.\obj\WS2812.obj)

line level    source

   1          #include "stc.h"
   2          #include "WS2812.h"
   3          
   4          
   5          u8 WS2812_BUffer[WSCOUNT][3];
   6          void WS2812_write_date()
   7          {
   8   1          u8 i,j,k,a;
   9   1          for(k=0;k<WSCOUNT;k++)
  10   1          {
  11   2              for(j=0;j<3;j++)
  12   2              {
  13   3                  switch(j)
  14   3                  {
  15   4                    case 0:a=WS2812_BUffer[k][1];break;
  16   4                    case 1:a=WS2812_BUffer[k][0];break;
  17   4                    case 2:a=WS2812_BUffer[k][2];break;
  18   4                  }
  19   3                  for(i=0;i<8;i++)
  20   3                  {
  21   4                    WS2812_DI=1;
  22   4                    
  23   4      #if WSCASE==1             
              _nop_();_nop_();_nop_();_nop_();_nop_();_nop_();
              WS2812_DI=(a&0x80); 
              _nop_();_nop_();_nop_();_nop_();_nop_();_nop_();_nop_();_nop_();_nop_();_nop_();
              a<<=1;
              #elif WSCASE==2 
  29   4      _nop_();_nop_();_nop_();_nop_();
  30   4      WS2812_DI=(a&0x80); 
  31   4      _nop_();_nop_();_nop_();_nop_();_nop_();_nop_();_nop_();_nop_();
  32   4      a<<=1;
  33   4      #elif WSCASE==3 
              _nop_();_nop_();
              WS2812_DI=(a&0x80); 
              _nop_();_nop_();_nop_();_nop_();_nop_();_nop_();
              a<<=1;  
              #elif WSCASE==4
              WS2812_DI=(a&0x80); 
              _nop_();_nop_();_nop_();_nop_();
              a<<=1;
              #elif WSCASE==5
              WS2812_DI=(a&0x80); 
              _nop_();_nop_();
              a<<=1;
              #elif WSCASE==6
              WS2812_DI=(a&0x80); 
              _nop_();
              a<<=1;
              #elif WSCASE==7
              WS2812_DI=(a&0x80); 
              a<<=1;
              #endif
  54   4                    
C51 COMPILER V9.59.0.0   WS2812                                                            09/24/2022 21:20:03 PAGE 2   

  55   4                    WS2812_DI=0;
  56   4                  }
  57   3                  WS2812_DI=0;
  58   3              }
  59   2          }
  60   1      }
  61          void WS2812_Ser()
  62          {
  63   1          static u8 count=0;
  64   1          count++;
  65   1          switch(count)
  66   1          {
  67   2            case 1:WS2812_DI=0;break;
  68   2            case 50:EA=0;WS2812_write_date();EA=1;break;
  69   2            case 51:WS2812_DI=0;break;
  70   2          }
  71   1          count%=60;
  72   1      }       


MODULE INFORMATION:   STATIC OVERLAYABLE
   CODE SIZE        =    147    ----
   CONSTANT SIZE    =   ----    ----
   XDATA SIZE       =   ----    ----
   PDATA SIZE       =   ----    ----
   DATA SIZE        =     22    ----
   IDATA SIZE       =   ----    ----
   BIT SIZE         =   ----    ----
END OF MODULE INFORMATION.


C51 COMPILATION COMPLETE.  0 WARNING(S),  0 ERROR(S)
